<?xml version='1.0' encoding='utf-8'?>
<testsuite errors="0" failures="0" hostname="9c54585b38d7" id="0" name="Chrome Headless 80.0.3987.122 (Linux x86_64)" package="" tests="8" time="0.089" timestamp="2020-07-24T13:29:19">
  <properties>
    <property name="browser.fullName" value="Mozilla/5.0 (X11; Linux x86_64) AppleWebKit/537.36 (KHTML, like Gecko) HeadlessChrome/80.0.3987.122 Safari/537.36" />
  </properties>
  <testcase classname="Chrome_Headless_80_0_3987_122_(Linux_x86_64).bbva-clip-card" name="bbva-clip-card a11y" time="0.074" />
  <testcase classname="Chrome_Headless_80_0_3987_122_(Linux_x86_64).bbva-clip-card" name="bbva-clip-card Light DOM" time="0.002" />
  <testcase classname="Chrome_Headless_80_0_3987_122_(Linux_x86_64).bbva-clip-card Shadow DOM" name="bbva-clip-card Shadow DOM Default" time="0.002" />
  <testcase classname="Chrome_Headless_80_0_3987_122_(Linux_x86_64).bbva-clip-card Shadow DOM" name="bbva-clip-card Shadow DOM Variant" time="0.001" />
  <testcase classname="Chrome_Headless_80_0_3987_122_(Linux_x86_64).bbva-clip-card Shadow DOM" name="bbva-clip-card Shadow DOM Partner" time="0.002" />
  <testcase classname="Chrome_Headless_80_0_3987_122_(Linux_x86_64).bbva-clip-card Shadow DOM" name="bbva-clip-card Shadow DOM Partner Logo" time="0.003" />
  <testcase classname="Chrome_Headless_80_0_3987_122_(Linux_x86_64).bbva-clip-card Shadow DOM" name="bbva-clip-card Shadow DOM Status" time="0.003" />
  <testcase classname="Chrome_Headless_80_0_3987_122_(Linux_x86_64).bbva-clip-card Shadow DOM" name="bbva-clip-card Shadow DOM Pay compatibility" time="0.002" />
  <system-out><![CDATA[
    

  ]]></system-out><system-err />
</testsuite>