<?xml version='1.0' encoding='utf-8'?>
<testsuite errors="0" failures="0" hostname="6efcce6c8756" id="0" name="Chrome Headless 80.0.3987.122 (Linux x86_64)" package="" tests="9" time="0.813" timestamp="2020-07-07T09:43:13">
  <properties>
    <property name="browser.fullName" value="Mozilla/5.0 (X11; Linux x86_64) AppleWebKit/537.36 (KHTML, like Gecko) HeadlessChrome/80.0.3987.122 Safari/537.36" />
  </properties>
  <testcase classname="Chrome_Headless_80_0_3987_122_(Linux_x86_64).swapTransition Basic" name="swapTransition Basic first element is shown by default" time="0.003" />
  <testcase classname="Chrome_Headless_80_0_3987_122_(Linux_x86_64).swapTransition Basic" name="swapTransition Basic changing selected adds leave class to element" time="0.002" />
  <testcase classname="Chrome_Headless_80_0_3987_122_(Linux_x86_64).swapTransition Basic" name="swapTransition Basic changing selected adds new node with add class" time="0.201" />
  <testcase classname="Chrome_Headless_80_0_3987_122_(Linux_x86_64).swapTransition Basic" name="swapTransition Basic omitting remove directive option uses default one" time="0.001" />
  <testcase classname="Chrome_Headless_80_0_3987_122_(Linux_x86_64).swapTransition Basic" name="swapTransition Basic omitting add directive option uses default one" time="0.201" />
  <testcase classname="Chrome_Headless_80_0_3987_122_(Linux_x86_64).swapTransition Basic" name="swapTransition Basic using no directive options at all uses default classes" time="0.001" />
  <testcase classname="Chrome_Headless_80_0_3987_122_(Linux_x86_64).swapTransition Basic" name="swapTransition Basic using empty strings as options set no classes" time="0.001" />
  <testcase classname="Chrome_Headless_80_0_3987_122_(Linux_x86_64).swapTransition Basic" name="swapTransition Basic setting empty node adds no classes" time="0.201" />
  <testcase classname="Chrome_Headless_80_0_3987_122_(Linux_x86_64).swapTransition Basic" name="swapTransition Basic changing selected with animations instead of transitions also adds classes" time="0.202" />
  <system-out><![CDATA[
    

  ]]></system-out><system-err />
</testsuite>