<?xml version='1.0' encoding='utf-8'?>
<testsuite errors="0" failures="0" hostname="9c54585b38d7" id="0" name="Chrome Headless 80.0.3987.122 (Linux x86_64)" package="" tests="14" time="0.077" timestamp="2020-07-24T13:28:29">
  <properties>
    <property name="browser.fullName" value="Mozilla/5.0 (X11; Linux x86_64) AppleWebKit/537.36 (KHTML, like Gecko) HeadlessChrome/80.0.3987.122 Safari/537.36" />
  </properties>
  <testcase classname="Chrome_Headless_80_0_3987_122_(Linux_x86_64).bbva-clip-box Default" name="bbva-clip-box Default it shows the first two initials" time="0.004" />
  <testcase classname="Chrome_Headless_80_0_3987_122_(Linux_x86_64).bbva-clip-box Default" name="bbva-clip-box Default it shows with icon" time="0.001" />
  <testcase classname="Chrome_Headless_80_0_3987_122_(Linux_x86_64).bbva-clip-box Default" name="bbva-clip-box Default it test show with image" time="0.001" />
  <testcase classname="Chrome_Headless_80_0_3987_122_(Linux_x86_64).bbva-clip-box Default" name="bbva-clip-box Default it test show with different bgColor" time="0.001" />
  <testcase classname="Chrome_Headless_80_0_3987_122_(Linux_x86_64).bbva-clip-box Default" name="bbva-clip-box Default a11y" time="0.042" />
  <testcase classname="Chrome_Headless_80_0_3987_122_(Linux_x86_64).bbva-clip-box Default Semantic Dom" name="bbva-clip-box Default Semantic Dom DOM - Structure test" time="0.003" />
  <testcase classname="Chrome_Headless_80_0_3987_122_(Linux_x86_64).bbva-clip-box Default Semantic Dom" name="bbva-clip-box Default Semantic Dom SHADOW DOM - Structure test" time="0.001" />
  <testcase classname="Chrome_Headless_80_0_3987_122_(Linux_x86_64).bbva-clip-box Default Semantic Dom" name="bbva-clip-box Default Semantic Dom LIGHT DOM - Structure test" time="0" />
  <testcase classname="Chrome_Headless_80_0_3987_122_(Linux_x86_64).bbva-clip-box Custom" name="bbva-clip-box Custom a11y" time="0.022" />
  <testcase classname="Chrome_Headless_80_0_3987_122_(Linux_x86_64).bbva-clip-box Custom" name="bbva-clip-box Custom it shows the first three initials" time="0" />
  <testcase classname="Chrome_Headless_80_0_3987_122_(Linux_x86_64).bbva-clip-box Custom" name="bbva-clip-box Custom it shows two background colors in custom mode" time="0" />
  <testcase classname="Chrome_Headless_80_0_3987_122_(Linux_x86_64).bbva-clip-box Custom Semantic Dom" name="bbva-clip-box Custom Semantic Dom DOM - Structure test" time="0.001" />
  <testcase classname="Chrome_Headless_80_0_3987_122_(Linux_x86_64).bbva-clip-box Custom Semantic Dom" name="bbva-clip-box Custom Semantic Dom SHADOW DOM - Structure test" time="0.001" />
  <testcase classname="Chrome_Headless_80_0_3987_122_(Linux_x86_64).bbva-clip-box Custom Semantic Dom" name="bbva-clip-box Custom Semantic Dom LIGHT DOM - Structure test" time="0" />
  <system-out><![CDATA[
    

  ]]></system-out><system-err />
</testsuite>