<?xml version='1.0' encoding='utf-8'?>
<testsuite errors="0" failures="0" hostname="10cc69e94651" id="0" name="Chrome Headless 80.0.3987.122 (Linux x86_64)" package="" tests="5" time="0.062" timestamp="2020-06-29T11:24:53">
  <properties>
    <property name="browser.fullName" value="Mozilla/5.0 (X11; Linux x86_64) AppleWebKit/537.36 (KHTML, like Gecko) HeadlessChrome/80.0.3987.122 Safari/537.36" />
  </properties>
  <testcase classname="Chrome_Headless_80_0_3987_122_(Linux_x86_64).bbva-list-bullet" name="bbva-list-bullet it has the icon `coronita:bullet1 by default`" time="0.001" />
  <testcase classname="Chrome_Headless_80_0_3987_122_(Linux_x86_64).bbva-list-bullet" name="bbva-list-bullet it sets icon-size-24 on icon" time="0" />
  <testcase classname="Chrome_Headless_80_0_3987_122_(Linux_x86_64).bbva-list-bullet" name="bbva-list-bullet a11y" time="0.056" />
  <testcase classname="Chrome_Headless_80_0_3987_122_(Linux_x86_64).bbva-list-bullet" name="bbva-list-bullet SHADOW DOM - Structure test" time="0.005" />
  <testcase classname="Chrome_Headless_80_0_3987_122_(Linux_x86_64).bbva-list-bullet" name="bbva-list-bullet LIGHT DOM - Structure test" time="0" />
  <system-out><![CDATA[
    

  ]]></system-out><system-err />
</testsuite>