<?xml version='1.0' encoding='utf-8'?>
<testsuite errors="0" failures="0" hostname="9c54585b38d7" id="0" name="Chrome Headless 80.0.3987.122 (Linux x86_64)" package="" tests="25" time="0.67" timestamp="2020-07-24T13:57:55">
  <properties>
    <property name="browser.fullName" value="Mozilla/5.0 (X11; Linux x86_64) AppleWebKit/537.36 (KHTML, like Gecko) HeadlessChrome/80.0.3987.122 Safari/537.36" />
  </properties>
  <testcase classname="Chrome_Headless_80_0_3987_122_(Linux_x86_64).bbva-list-multistep bbva-list-multistep - basic" name="bbva-list-multistep bbva-list-multistep - basic a11y" time="0.123" />
  <testcase classname="Chrome_Headless_80_0_3987_122_(Linux_x86_64).bbva-list-multistep bbva-list-multistep - basic" name="bbva-list-multistep bbva-list-multistep - basic SHADOW DOM - Structure test" time="0.004" />
  <testcase classname="Chrome_Headless_80_0_3987_122_(Linux_x86_64).bbva-list-multistep bbva-list-multistep - basic" name="bbva-list-multistep bbva-list-multistep - basic LIGHT DOM - Structure test" time="0.001" />
  <testcase classname="Chrome_Headless_80_0_3987_122_(Linux_x86_64).bbva-list-multistep bbva-list-multistep - custom size amount" name="bbva-list-multistep bbva-list-multistep - custom size amount a11y" time="0.081" />
  <testcase classname="Chrome_Headless_80_0_3987_122_(Linux_x86_64).bbva-list-multistep bbva-list-multistep - custom size amount" name="bbva-list-multistep bbva-list-multistep - custom size amount SHADOW DOM - Structure test" time="0.001" />
  <testcase classname="Chrome_Headless_80_0_3987_122_(Linux_x86_64).bbva-list-multistep bbva-list-multistep - custom size amount" name="bbva-list-multistep bbva-list-multistep - custom size amount LIGHT DOM - Structure test" time="0.001" />
  <testcase classname="Chrome_Headless_80_0_3987_122_(Linux_x86_64).bbva-list-multistep bbva-list-multistep - amount" name="bbva-list-multistep bbva-list-multistep - amount a11y" time="0.055" />
  <testcase classname="Chrome_Headless_80_0_3987_122_(Linux_x86_64).bbva-list-multistep bbva-list-multistep - amount" name="bbva-list-multistep bbva-list-multistep - amount SHADOW DOM - Structure test" time="0" />
  <testcase classname="Chrome_Headless_80_0_3987_122_(Linux_x86_64).bbva-list-multistep bbva-list-multistep - amount" name="bbva-list-multistep bbva-list-multistep - amount LIGHT DOM - Structure test" time="0" />
  <testcase classname="Chrome_Headless_80_0_3987_122_(Linux_x86_64).bbva-list-multistep bbva-list-multistep - description" name="bbva-list-multistep bbva-list-multistep - description a11y" time="0.02" />
  <testcase classname="Chrome_Headless_80_0_3987_122_(Linux_x86_64).bbva-list-multistep bbva-list-multistep - description" name="bbva-list-multistep bbva-list-multistep - description SHADOW DOM - Structure test" time="0.001" />
  <testcase classname="Chrome_Headless_80_0_3987_122_(Linux_x86_64).bbva-list-multistep bbva-list-multistep - description" name="bbva-list-multistep bbva-list-multistep - description LIGHT DOM - Structure test" time="0.001" />
  <testcase classname="Chrome_Headless_80_0_3987_122_(Linux_x86_64).bbva-list-multistep bbva-list-multistep - contact" name="bbva-list-multistep bbva-list-multistep - contact SHADOW DOM - Structure test" time="0.001" />
  <testcase classname="Chrome_Headless_80_0_3987_122_(Linux_x86_64).bbva-list-multistep bbva-list-multistep - contact" name="bbva-list-multistep bbva-list-multistep - contact LIGHT DOM - Structure test" time="0.001" />
  <testcase classname="Chrome_Headless_80_0_3987_122_(Linux_x86_64).bbva-list-multistep bbva-list-multistep - contact without initials" name="bbva-list-multistep bbva-list-multistep - contact without initials SHADOW DOM - Structure test" time="0" />
  <testcase classname="Chrome_Headless_80_0_3987_122_(Linux_x86_64).bbva-list-multistep bbva-list-multistep - contact without initials" name="bbva-list-multistep bbva-list-multistep - contact without initials LIGHT DOM - Structure test" time="0" />
  <testcase classname="Chrome_Headless_80_0_3987_122_(Linux_x86_64).bbva-list-multistep bbva-list-multistep - card" name="bbva-list-multistep bbva-list-multistep - card a11y" time="0.138" />
  <testcase classname="Chrome_Headless_80_0_3987_122_(Linux_x86_64).bbva-list-multistep bbva-list-multistep - card" name="bbva-list-multistep bbva-list-multistep - card SHADOW DOM - Structure test" time="0.002" />
  <testcase classname="Chrome_Headless_80_0_3987_122_(Linux_x86_64).bbva-list-multistep bbva-list-multistep - card" name="bbva-list-multistep bbva-list-multistep - card LIGHT DOM - Structure test" time="0" />
  <testcase classname="Chrome_Headless_80_0_3987_122_(Linux_x86_64).bbva-list-multistep bbva-list-multistep - card maximum" name="bbva-list-multistep bbva-list-multistep - card maximum a11y" time="0.125" />
  <testcase classname="Chrome_Headless_80_0_3987_122_(Linux_x86_64).bbva-list-multistep bbva-list-multistep - card maximum" name="bbva-list-multistep bbva-list-multistep - card maximum SHADOW DOM - Structure test" time="0.001" />
  <testcase classname="Chrome_Headless_80_0_3987_122_(Linux_x86_64).bbva-list-multistep bbva-list-multistep - card maximum" name="bbva-list-multistep bbva-list-multistep - card maximum LIGHT DOM - Structure test" time="0.001" />
  <testcase classname="Chrome_Headless_80_0_3987_122_(Linux_x86_64).bbva-list-multistep bbva-list-multistep - card voucher" name="bbva-list-multistep bbva-list-multistep - card voucher a11y" time="0.111" />
  <testcase classname="Chrome_Headless_80_0_3987_122_(Linux_x86_64).bbva-list-multistep bbva-list-multistep - card voucher" name="bbva-list-multistep bbva-list-multistep - card voucher SHADOW DOM - Structure test" time="0.002" />
  <testcase classname="Chrome_Headless_80_0_3987_122_(Linux_x86_64).bbva-list-multistep bbva-list-multistep - card voucher" name="bbva-list-multistep bbva-list-multistep - card voucher LIGHT DOM - Structure test" time="0" />
  <system-out><![CDATA[
    

  ]]></system-out><system-err />
</testsuite>