<?xml version='1.0' encoding='utf-8'?>
<testsuite errors="0" failures="0" hostname="9c54585b38d7" id="0" name="Chrome Headless 80.0.3987.122 (Linux x86_64)" package="" tests="5" time="0.052" timestamp="2020-07-24T13:29:35">
  <properties>
    <property name="browser.fullName" value="Mozilla/5.0 (X11; Linux x86_64) AppleWebKit/537.36 (KHTML, like Gecko) HeadlessChrome/80.0.3987.122 Safari/537.36" />
  </properties>
  <testcase classname="Chrome_Headless_80_0_3987_122_(Linux_x86_64).bbva-clip-entities default" name="bbva-clip-entities default a11y" time="0.044" />
  <testcase classname="Chrome_Headless_80_0_3987_122_(Linux_x86_64).bbva-clip-entities default" name="bbva-clip-entities default variant" time="0.004" />
  <testcase classname="Chrome_Headless_80_0_3987_122_(Linux_x86_64).bbva-clip-entities default Semantic Dom Diff" name="bbva-clip-entities default Semantic Dom Diff Light Dom - Structure test" time="0.001" />
  <testcase classname="Chrome_Headless_80_0_3987_122_(Linux_x86_64).bbva-clip-entities default Semantic Dom Diff" name="bbva-clip-entities default Semantic Dom Diff Shadow DOM - Structure test" time="0.001" />
  <testcase classname="Chrome_Headless_80_0_3987_122_(Linux_x86_64).bbva-clip-entities bbva-clip-entities does not entity property Semantic Dom Diff" name="bbva-clip-entities bbva-clip-entities does not entity property Semantic Dom Diff Shadow DOM - Structure test" time="0.002" />
  <system-out><![CDATA[
    

  ]]></system-out><system-err />
</testsuite>